  main.cpp
f:\2n_curso\lp\proyecto-------\final\projectolp_final\projectolp_final\matriusparse.h(39): error C2065: '_Valors': identificador no declarado
f:\2n_curso\lp\proyecto-------\final\projectolp_final\projectolp_final\matriusparse.h(39): error C2228: el operando izquierdo de '.size' debe tener class/struct/union
  f:\2n_curso\lp\proyecto-------\final\projectolp_final\projectolp_final\matriusparse.h(39): note: el tipo es 'unknown-type'
f:\2n_curso\lp\proyecto-------\final\projectolp_final\projectolp_final\comunitat.h(16): error C2039: 'calculaDendograms': no es un miembro de 'MatriuSparse'
  f:\2n_curso\lp\proyecto-------\final\projectolp_final\projectolp_final\matriusparse.h(13): note: vea la declaración de 'MatriuSparse'
f:\2n_curso\lp\proyecto-------\final\projectolp_final\projectolp_final\main.cpp(20): warning C4018: '<': no coinciden signed/unsigned
f:\2n_curso\lp\proyecto-------\final\projectolp_final\projectolp_final\main.cpp(23): warning C4018: '<': no coinciden signed/unsigned
  MatriuSparse.cpp
f:\2n_curso\lp\proyecto-------\final\projectolp_final\projectolp_final\matriusparse.h(39): error C2065: '_Valors': identificador no declarado
f:\2n_curso\lp\proyecto-------\final\projectolp_final\projectolp_final\matriusparse.h(39): error C2228: el operando izquierdo de '.size' debe tener class/struct/union
  f:\2n_curso\lp\proyecto-------\final\projectolp_final\projectolp_final\matriusparse.h(39): note: el tipo es 'unknown-type'
f:\2n_curso\lp\proyecto-------\final\projectolp_final\projectolp_final\matriusparse.cpp(57): warning C4244: '=': conversión de 'int' a 'float'; posible pérdida de datos
f:\2n_curso\lp\proyecto-------\final\projectolp_final\projectolp_final\matriusparse.cpp(59): warning C4244: '=': conversión de 'int' a 'float'; posible pérdida de datos
f:\2n_curso\lp\proyecto-------\final\projectolp_final\projectolp_final\matriusparse.cpp(62): warning C4244: '=': conversión de 'float' a 'int'; posible pérdida de datos
  Graph.cpp
f:\2n_curso\lp\proyecto-------\final\projectolp_final\projectolp_final\matriusparse.h(39): error C2065: '_Valors': identificador no declarado
f:\2n_curso\lp\proyecto-------\final\projectolp_final\projectolp_final\matriusparse.h(39): error C2228: el operando izquierdo de '.size' debe tener class/struct/union
  f:\2n_curso\lp\proyecto-------\final\projectolp_final\projectolp_final\matriusparse.h(39): note: el tipo es 'unknown-type'
f:\2n_curso\lp\proyecto-------\final\projectolp_final\projectolp_final\comunitat.h(16): error C2039: 'calculaDendograms': no es un miembro de 'MatriuSparse'
  f:\2n_curso\lp\proyecto-------\final\projectolp_final\projectolp_final\matriusparse.h(13): note: vea la declaración de 'MatriuSparse'
  Comunitat.cpp
f:\2n_curso\lp\proyecto-------\final\projectolp_final\projectolp_final\matriusparse.h(39): error C2065: '_Valors': identificador no declarado
f:\2n_curso\lp\proyecto-------\final\projectolp_final\projectolp_final\matriusparse.h(39): error C2228: el operando izquierdo de '.size' debe tener class/struct/union
  f:\2n_curso\lp\proyecto-------\final\projectolp_final\projectolp_final\matriusparse.h(39): note: el tipo es 'unknown-type'
f:\2n_curso\lp\proyecto-------\final\projectolp_final\projectolp_final\comunitat.h(16): error C2039: 'calculaDendograms': no es un miembro de 'MatriuSparse'
  f:\2n_curso\lp\proyecto-------\final\projectolp_final\projectolp_final\matriusparse.h(13): note: vea la declaración de 'MatriuSparse'
f:\2n_curso\lp\proyecto-------\final\projectolp_final\projectolp_final\comunitat.cpp(52): error C2039: 'generaDendrogram': no es un miembro de 'Comunitat'
  f:\2n_curso\lp\proyecto-------\final\projectolp_final\projectolp_final\comunitat.h(7): note: vea la declaración de 'Comunitat'
  Generando código...
