  main.cpp
c:\users\danib\desktop\laboratori de programació\tema 1\exercici 4\exercici 4\main.cpp(83): warning C4244: '+=': conversión de 'double' a 'float'; posible pérdida de datos
c:\users\danib\desktop\laboratori de programació\tema 1\exercici 4\exercici 4\main.cpp(112): warning C4244: '+=': conversión de 'double' a 'float'; posible pérdida de datos
c:\users\danib\desktop\laboratori de programació\tema 1\exercici 4\exercici 4\main.cpp(134): warning C4244: '+=': conversión de 'double' a 'float'; posible pérdida de datos
c:\users\danib\desktop\laboratori de programació\tema 1\exercici 4\exercici 4\main.cpp(162): warning C4244: '+=': conversión de 'double' a 'float'; posible pérdida de datos
c:\users\danib\desktop\laboratori de programació\tema 1\exercici 4\exercici 4\main.cpp(187): warning C4244: '+=': conversión de 'double' a 'float'; posible pérdida de datos
c:\users\danib\desktop\laboratori de programació\tema 1\exercici 4\exercici 4\main.cpp(193): warning C4305: 'inicializando': truncamiento de 'double' a 'float'
c:\users\danib\desktop\laboratori de programació\tema 1\exercici 4\exercici 4\main.cpp(247): warning C4244: '+=': conversión de 'double' a 'float'; posible pérdida de datos
c:\users\danib\desktop\laboratori de programació\tema 1\exercici 4\exercici 4\map.h(165): warning C4018: '<': no coinciden signed/unsigned
  c:\users\danib\desktop\laboratori de programació\tema 1\exercici 4\exercici 4\map.h(156): note: durante la compilación de la función miembro de plantilla clase de 'void Map<std::string,Persona>::afegeix(const TClau &,const TValor &)'
          with
          [
              TClau=std::string,
              TValor=Persona
          ]
  c:\users\danib\desktop\laboratori de programació\tema 1\exercici 4\exercici 4\main.cpp(93): note: vea la referencia a la creación de instancias de plantilla de función 'void Map<std::string,Persona>::afegeix(const TClau &,const TValor &)' que se está compilando
          with
          [
              TClau=std::string,
              TValor=Persona
          ]
  c:\users\danib\desktop\laboratori de programació\tema 1\exercici 4\exercici 4\main.cpp(73): note: vea la referencia a la creación de instancias de plantilla clase de 'Map<std::string,Persona>' que se está compilando
c:\users\danib\desktop\laboratori de programació\tema 1\exercici 4\exercici 4\map.h(145): warning C4715: 'Map<std::basic_string<char,std::char_traits<char>,std::allocator<char> >,Persona>::operator[]': no todas las rutas de acceso de control devuelven un valor
c:\users\danib\desktop\laboratori de programació\tema 1\exercici 4\exercici 4\map.h(152): warning C4715: 'Map<std::basic_string<char,std::char_traits<char>,std::allocator<char> >,Persona>::operator[]': no todas las rutas de acceso de control devuelven un valor
  Exercici 4.vcxproj -> C:\Users\danib\Desktop\Laboratori de Programació\Tema 1\Exercici 4\Debug\Exercici 4.exe
