  MatriuSparse.cpp
c:\users\danib\desktop\laboratori de programació\proyecto\proyectocoord\proyectocoord\matriusparse.cpp(36): warning C4244: '=': conversión de '_Ty1' a 'float'; posible pérdida de datos
          with
          [
              _Ty1=int
          ]
c:\users\danib\desktop\laboratori de programació\proyecto\proyectocoord\proyectocoord\matriusparse.cpp(38): warning C4244: '=': conversión de '_Ty2' a 'float'; posible pérdida de datos
          with
          [
              _Ty2=int
          ]
c:\users\danib\desktop\laboratori de programació\proyecto\proyectocoord\proyectocoord\matriusparse.cpp(41): warning C4244: 'argumento': conversión de 'float' a 'const unsigned int'; posible pérdida de datos
c:\users\danib\desktop\laboratori de programació\proyecto\proyectocoord\proyectocoord\matriusparse.cpp(42): warning C4018: '<': no coinciden signed/unsigned
c:\users\danib\desktop\laboratori de programació\proyecto\proyectocoord\proyectocoord\matriusparse.cpp(44): warning C4244: 'argumento': conversión de 'float' a 'const unsigned int'; posible pérdida de datos
c:\users\danib\desktop\laboratori de programació\proyecto\proyectocoord\proyectocoord\matriusparse.cpp(12): warning C4101: 'valor': variable local sin referencia
c:\users\danib\desktop\laboratori de programació\proyecto\proyectocoord\proyectocoord\matriusparse.cpp(128): warning C4018: '<': no coinciden signed/unsigned
c:\users\danib\desktop\laboratori de programació\proyecto\proyectocoord\proyectocoord\matriusparse.cpp(129): warning C4018: '<': no coinciden signed/unsigned
c:\users\danib\desktop\laboratori de programació\proyecto\proyectocoord\proyectocoord\matriusparse.cpp(142): warning C4018: '<': no coinciden signed/unsigned
c:\users\danib\desktop\laboratori de programació\proyecto\proyectocoord\proyectocoord\matriusparse.cpp(143): warning C4018: '<': no coinciden signed/unsigned
c:\users\danib\desktop\laboratori de programació\proyecto\proyectocoord\proyectocoord\matriusparse.cpp(158): warning C4018: '>=': no coinciden signed/unsigned
c:\users\danib\desktop\laboratori de programació\proyecto\proyectocoord\proyectocoord\matriusparse.cpp(165): warning C4018: '<': no coinciden signed/unsigned
c:\users\danib\desktop\laboratori de programació\proyecto\proyectocoord\proyectocoord\matriusparse.cpp(193): warning C4018: '<': no coinciden signed/unsigned
c:\users\danib\desktop\laboratori de programació\proyecto\proyectocoord\proyectocoord\matriusparse.cpp(209): warning C4018: '<': no coinciden signed/unsigned
c:\users\danib\desktop\laboratori de programació\proyecto\proyectocoord\proyectocoord\matriusparse.cpp(211): warning C4018: '<': no coinciden signed/unsigned
c:\program files (x86)\microsoft visual studio\2017\community\vc\tools\msvc\14.15.26726\include\utility(239): warning C4244: 'inicializando': conversión de '_Ty' a '_Ty1'; posible pérdida de datos
          with
          [
              _Ty=float
          ]
          and
          [
              _Ty1=int
          ]
  c:\users\danib\desktop\laboratori de programació\proyecto\proyectocoord\proyectocoord\matriusparse.cpp(28): note: vea la referencia a la creación de instancias de plantilla de función 'std::pair<int,int>::pair<float,float,0>(std::pair<float,float> &&) noexcept' que se está compilando
  c:\users\danib\desktop\laboratori de programació\proyecto\proyectocoord\proyectocoord\matriusparse.cpp(28): note: vea la referencia a la creación de instancias de plantilla de función 'std::pair<int,int>::pair<float,float,0>(std::pair<float,float> &&) noexcept' que se está compilando
c:\program files (x86)\microsoft visual studio\2017\community\vc\tools\msvc\14.15.26726\include\utility(240): warning C4244: 'inicializando': conversión de '_Ty' a '_Ty2'; posible pérdida de datos
          with
          [
              _Ty=float
          ]
          and
          [
              _Ty2=int
          ]
c:\users\danib\desktop\laboratori de programació\proyecto\proyectocoord\proyectocoord\matriusparse.cpp(148): warning C4172: devolución de dirección de la variable local o temporal: matriz
c:\users\danib\desktop\laboratori de programació\proyecto\proyectocoord\proyectocoord\matriusparse.cpp(135): warning C4172: devolución de dirección de la variable local o temporal: aux
  ProyectoCoord.vcxproj -> C:\Users\danib\Desktop\Laboratori de Programació\Proyecto\ProyectoCoord\Debug\ProyectoCoord.exe
